[Ср 01 апр 2026 18:40:35 MSK] Запуск: /home/atretyakov/railoptim/target/release/railoptim (env=prod)
Получено узлов спроса:       266
Получено узлов предложения:  205
Получено тарифов:            12436
Всего пар supply×demand:     54530
  без тарифа:                2095 (3.8%)
  нарушение срока:           22245 (40.8%)
  несовм. тип вагона:        1449 (2.7%)
Допустимых дуг в LP:         29473 (54.0%)
--- АНАЛИЗ РЕСУРСОВ ---
Предложение: 886 ваг.
Спрос:       3167 ваг.
Статус: ДЕФИЦИТ  (2281 ваг. — штрафные дуги)
-----------------------
--- ЖАДНОЕ РЕШЕНИЕ ---
Назначений:            263 шт.
Назначено вагонов:     886 / 3167 спрос, 886 предложение
Суммарная стоимость:   23118018.60 руб.
Неудовлетворён спрос:  2281 ваг.
Избыток предложения:   0 ваг.
Покрытие спроса:       28.0%
----------------------
--- ALNS СТАРТ ---
Начальная стоимость: 23118018.60 руб.
Назначений:          263
Бюджет времени:      300 сек.
------------------
[iter     1] ✓ улучшение 3170.09 руб. | стоимость 23114848.51 | K=19%
[iter     3] ✓ улучшение 3264.00 руб. | стоимость 23111584.51 | K=18%
[iter     4] ✓ улучшение 2822.96 руб. | стоимость 23108761.55 | K=17%
[iter    28] ✓ улучшение 705.74 руб. | стоимость 23108055.81 | K=16%
[iter    29] ✓ улучшение 0.00 руб. | стоимость 23108055.81 | K=15%
[iter    62] ✓ улучшение 0.00 руб. | стоимость 23108055.81 | K=14%
[iter   213] ✓ улучшение 4933.73 руб. | стоимость 23103122.08 | K=19%
[iter   214] ✓ улучшение 3648.77 руб. | стоимость 23099473.31 | K=18%
[iter   267] ✓ улучшение 1577.85 руб. | стоимость 23097895.46 | K=19%
[iter   268] ✓ улучшение 0.00 руб. | стоимость 23097895.46 | K=18%
[iter   276] ✓ улучшение 0.00 руб. | стоимость 23097895.46 | K=17%
[iter   320] ✓ улучшение 0.00 руб. | стоимость 23097895.46 | K=16%
[iter   471] ✓ улучшение 15047.44 руб. | стоимость 23082848.02 | K=21%
[iter   472] ✓ улучшение 493.07 руб. | стоимость 23082354.95 | K=20%
[iter   473] ✓ улучшение 493.07 руб. | стоимость 23081861.88 | K=19%
[iter   513] ✓ улучшение 0.00 руб. | стоимость 23081861.88 | K=18%
[iter   565] ✓ улучшение 493.07 руб. | стоимость 23081368.81 | K=19%
[iter   570] ✓ улучшение 0.00 руб. | стоимость 23081368.81 | K=18%
[iter   686] ✓ улучшение 0.00 руб. | стоимость 23081368.81 | K=21%
[iter   694] ✓ улучшение 0.00 руб. | стоимость 23081368.81 | K=20%
[iter   795] ✓ улучшение 19492.89 руб. | стоимость 23061875.92 | K=23%
[iter   796] ✓ улучшение 25992.12 руб. | стоимость 23035883.80 | K=22%
[iter   797] ✓ улучшение 9875.28 руб. | стоимость 23026008.52 | K=21%
[iter   798] ✓ улучшение 200.18 руб. | стоимость 23025808.34 | K=20%
[iter   801] ✓ улучшение 0.00 руб. | стоимость 23025808.34 | K=19%
[iter   805] ✓ улучшение 0.00 руб. | стоимость 23025808.34 | K=18%
[iter   814] ✓ улучшение 0.00 руб. | стоимость 23025808.34 | K=17%
[iter   883] ✓ улучшение 0.00 руб. | стоимость 23025808.34 | K=18%
[iter   995] ✓ улучшение 9875.28 руб. | стоимость 23015933.06 | K=21%
[iter  1000] ✓ улучшение 0.00 руб. | стоимость 23015933.06 | K=20%
[iter  1047] ✓ улучшение 0.00 руб. | стоимость 23015933.06 | K=19%
[iter  1249] ✓ улучшение 1982.24 руб. | стоимость 23013950.82 | K=26%
[iter  1251] ✓ улучшение 0.00 руб. | стоимость 23013950.82 | K=25%
[iter  1281] ✓ улучшение 0.00 руб. | стоимость 23013950.82 | K=24%
[iter  1360] ✓ улучшение 0.00 руб. | стоимость 23013950.82 | K=25%
[iter  1461] ✓ улучшение 4770.69 руб. | стоимость 23009180.13 | K=28%
[iter  1462] ✓ улучшение 1590.23 руб. | стоимость 23007589.90 | K=27%
[iter  1463] ✓ улучшение 991.12 руб. | стоимость 23006598.78 | K=26%
[iter  1464] ✓ улучшение 0.00 руб. | стоимость 23006598.78 | K=25%
[iter  1509] ✓ улучшение 0.00 руб. | стоимость 23006598.78 | K=24%
[iter  1561] ✓ улучшение 0.00 руб. | стоимость 23006598.78 | K=25%
[iter  1662] ✓ улучшение 4770.69 руб. | стоимость 23001828.09 | K=28%
[iter  1666] ✓ улучшение 0.00 руб. | стоимость 23001828.09 | K=27%
[iter  1738] ✓ улучшение 0.00 руб. | стоимость 23001828.09 | K=28%
[iter  1789] ✓ улучшение 22088.11 руб. | стоимость 22979739.98 | K=29%
[iter  1790] ✓ улучшение 2466.43 руб. | стоимость 22977273.55 | K=28%
[iter  1793] ✓ улучшение 4712.32 руб. | стоимость 22972561.23 | K=27%
[iter  1802] ✓ улучшение 3836.12 руб. | стоимость 22968725.11 | K=26%
[iter  1950] ✓ улучшение 0.00 руб. | стоимость 22968725.11 | K=29%
[iter  1956] ✓ улучшение 0.00 руб. | стоимость 22968725.11 | K=28%
[iter  2059] ✓ улучшение 162768.81 руб. | стоимость 22805956.30 | K=31%
[iter  2060] ✓ улучшение 4712.32 руб. | стоимость 22801243.98 | K=30%
[iter  2061] ✓ улучшение 876.20 руб. | стоимость 22800367.78 | K=29%
[iter  2080] ✓ улучшение 0.00 руб. | стоимость 22800367.78 | K=28%
[iter  2181] ✓ улучшение 7467.07 руб. | стоимость 22792900.71 | K=31%
[iter  2186] ✓ улучшение 0.00 руб. | стоимость 22792900.71 | K=30%
[iter  2237] ✓ улучшение 13152.55 руб. | стоимость 22779748.16 | K=31%
[iter  2238] ✓ улучшение 0.00 руб. | стоимость 22779748.16 | K=30%
[iter  2239] ✓ улучшение 701.45 руб. | стоимость 22779046.71 | K=29%
[iter  2240] ✓ улучшение 425.15 руб. | стоимость 22778621.56 | K=28%
[iter  2241] ✓ улучшение 0.00 руб. | стоимость 22778621.56 | K=27%
[iter  2246] ✓ улучшение 0.00 руб. | стоимость 22778621.56 | K=26%
[iter  2247] ✓ улучшение 0.00 руб. | стоимость 22778621.56 | K=25%
[iter  2265] ✓ улучшение 0.00 руб. | стоимость 22778621.56 | K=24%
[iter  2388] ✓ улучшение 425.15 руб. | стоимость 22778196.41 | K=27%
[iter  2389] ✓ улучшение 0.00 руб. | стоимость 22778196.41 | K=26%
[iter  2593] ✓ улучшение 1103.01 руб. | стоимость 22777093.40 | K=33%
[iter  2610] ✓ улучшение 0.00 руб. | стоимость 22777093.40 | K=32%
[iter  2712] ✓ улучшение 72332.82 руб. | стоимость 22704760.58 | K=35%
[iter  2713] ✓ улучшение 14979.10 руб. | стоимость 22689781.48 | K=34%
[iter  2714] ✓ улучшение 2746.98 руб. | стоимость 22687034.50 | K=33%
[iter  2715] ✓ улучшение 57460.43 руб. | стоимость 22629574.07 | K=32%
[iter  2717] ✓ улучшение 47604.16 руб. | стоимость 22581969.91 | K=31%
[iter  2718] ✓ улучшение 0.00 руб. | стоимость 22581969.91 | K=30%
[iter  2819] ✓ улучшение 59008.24 руб. | стоимость 22522961.67 | K=33%
[iter  2820] ✓ улучшение 59008.24 руб. | стоимость 22463953.43 | K=32%
[iter  2822] ✓ улучшение 0.00 руб. | стоимость 22463953.43 | K=31%
[iter  2823] ✓ улучшение 0.00 руб. | стоимость 22463953.43 | K=30%
[iter  2974] ✓ улучшение 49342.93 руб. | стоимость 22414610.50 | K=35%
[iter  2975] ✓ улучшение 0.00 руб. | стоимость 22414610.50 | K=34%
[iter  2979] ✓ улучшение 35703.12 руб. | стоимость 22378907.38 | K=33%
[iter  2980] ✓ улучшение 0.00 руб. | стоимость 22378907.38 | K=32%
[iter  2982] ✓ улучшение 0.00 руб. | стоимость 22378907.38 | K=31%
[iter  3064] ✓ улучшение 0.00 руб. | стоимость 22378907.38 | K=32%
[iter  3166] ✓ улучшение 0.00 руб. | стоимость 22378907.38 | K=35%
[iter  3217] ✓ улучшение 49342.93 руб. | стоимость 22329564.45 | K=36%
[iter  3250] ✓ улучшение 0.00 руб. | стоимость 22329564.45 | K=35%
[iter  3301] ✓ улучшение 154946.22 руб. | стоимость 22174618.23 | K=36%
[iter  3302] ✓ улучшение 48818.60 руб. | стоимость 22125799.63 | K=35%
[iter  3303] ✓ улучшение 46148.23 руб. | стоимость 22079651.40 | K=34%
[iter  3304] ✓ улучшение 2130.30 руб. | стоимость 22077521.10 | K=33%
[iter  3305] ✓ улучшение 41487.20 руб. | стоимость 22036033.90 | K=32%
[iter  3306] ✓ улучшение 0.00 руб. | стоимость 22036033.90 | K=31%
[iter  3307] ✓ улучшение 84020.53 руб. | стоимость 21952013.37 | K=30%
[iter  3313] ✓ улучшение 0.00 руб. | стоимость 21952013.37 | K=29%
[iter  3336] ✓ улучшение 0.00 руб. | стоимость 21952013.37 | K=28%
[iter  3537] ✓ улучшение 7450.80 руб. | стоимость 21944562.57 | K=35%
[iter  3540] ✓ улучшение 1080.14 руб. | стоимость 21943482.43 | K=34%
[iter  3541] ✓ улучшение 0.00 руб. | стоимость 21943482.43 | K=33%
[iter  3542] ✓ улучшение 2684.61 руб. | стоимость 21940797.82 | K=32%
[iter  3543] ✓ улучшение 540.07 руб. | стоимость 21940257.75 | K=31%
[iter  3544] ✓ улучшение 0.00 руб. | стоимость 21940257.75 | K=30%
[iter  3545] ✓ улучшение 0.00 руб. | стоимость 21940257.75 | K=29%
[iter  3796] ✓ улучшение 34381.67 руб. | стоимость 21905876.08 | K=38%
[iter  3797] ✓ улучшение 2382.60 руб. | стоимость 21903493.48 | K=37%
[iter  3801] ✓ улучшение 9875.28 руб. | стоимость 21893618.20 | K=36%
[iter  3802] ✓ улучшение 0.00 руб. | стоимость 21893618.20 | K=35%
[iter  3804] ✓ улучшение 0.00 руб. | стоимость 21893618.20 | K=34%
[iter  3813] ✓ улучшение 0.00 руб. | стоимость 21893618.20 | K=33%
[iter  3859] ✓ улучшение 0.00 руб. | стоимость 21893618.20 | K=32%
[iter  4060] ✓ улучшение 17947.93 руб. | стоимость 21875670.27 | K=39%
[iter  4061] ✓ улучшение 5661.93 руб. | стоимость 21870008.34 | K=38%
[iter  4062] ✓ улучшение 9316.00 руб. | стоимость 21860692.34 | K=37%
[iter  4063] ✓ улучшение 0.00 руб. | стоимость 21860692.34 | K=36%
[iter  4064] ✓ улучшение 2719.80 руб. | стоимость 21857972.54 | K=35%
[iter  4065] ✓ улучшение 0.00 руб. | стоимость 21857972.54 | K=34%
[iter  4089] ✓ улучшение 0.00 руб. | стоимость 21857972.54 | K=33%
[iter  4122] ✓ улучшение 0.00 руб. | стоимость 21857972.54 | K=32%
[iter  4323] ✓ улучшение 41541.83 руб. | стоимость 21816430.71 | K=39%
[iter  4324] ✓ улучшение 0.00 руб. | стоимость 21816430.71 | K=38%
[iter  4325] ✓ улучшение 4510.46 руб. | стоимость 21811920.25 | K=37%
[iter  4326] ✓ улучшение 1319.33 руб. | стоимость 21810600.92 | K=36%
[iter  4328] ✓ улучшение 0.00 руб. | стоимость 21810600.92 | K=35%
[iter  4329] ✓ улучшение 152.74 руб. | стоимость 21810448.18 | K=34%
[iter  4330] ✓ улучшение 0.00 руб. | стоимость 21810448.18 | K=33%
[iter  4331] ✓ улучшение 0.00 руб. | стоимость 21810448.18 | K=32%
[iter  4332] ✓ улучшение 0.00 руб. | стоимость 21810448.18 | K=31%
[iter  4335] ✓ улучшение 0.00 руб. | стоимость 21810448.18 | K=30%
[iter  4410] ✓ улучшение 0.00 руб. | стоимость 21810448.18 | K=31%
[iter  4661] ✓ улучшение 5953.36 руб. | стоимость 21804494.82 | K=40%
[iter  4663] ✓ улучшение 305.48 руб. | стоимость 21804189.34 | K=39%
[iter  4667] ✓ улучшение 0.00 руб. | стоимость 21804189.34 | K=38%
[iter  4673] ✓ улучшение 0.00 руб. | стоимость 21804189.34 | K=37%
[iter  4824] ✓ улучшение 4882.38 руб. | стоимость 21799306.96 | K=42%
[iter  4847] ✓ улучшение 113.78 руб. | стоимость 21799193.18 | K=41%
[iter  4850] ✓ улучшение 0.00 руб. | стоимость 21799193.18 | K=40%
[iter  4952] ✓ улучшение 512.56 руб. | стоимость 21798680.62 | K=43%
[iter  4953] ✓ улучшение 0.00 руб. | стоимость 21798680.62 | K=42%
[iter  4955] ✓ улучшение 0.00 руб. | стоимость 21798680.62 | K=41%
[iter  4968] ✓ улучшение 0.00 руб. | стоимость 21798680.62 | K=40%
[iter  4993] ✓ улучшение 0.00 руб. | стоимость 21798680.62 | K=39%
[iter  5097] ✓ улучшение 3447.42 руб. | стоимость 21795233.20 | K=42%
[iter  5099] ✓ улучшение 0.00 руб. | стоимость 21795233.20 | K=41%
[iter  5149] ✓ улучшение 0.00 руб. | стоимость 21795233.20 | K=40%
[iter  5250] ✓ улучшение 4117.71 руб. | стоимость 21791115.49 | K=43%
[iter  5307] ✓ улучшение 0.00 руб. | стоимость 21791115.49 | K=44%
[iter  5358] ✓ улучшение 27471.84 руб. | стоимость 21763643.65 | K=45%
[iter  5359] ✓ улучшение 17802.00 руб. | стоимость 21745841.65 | K=44%
[iter  5460] ✓ улучшение 1626.00 руб. | стоимость 21744215.65 | K=47%
[iter  5488] ✓ улучшение 0.00 руб. | стоимость 21744215.65 | K=46%
[iter  5539] ✓ улучшение 551.00 руб. | стоимость 21743664.65 | K=47%
[iter  5540] ✓ улучшение 0.00 руб. | стоимость 21743664.65 | K=46%
[iter  5541] ✓ улучшение 360.00 руб. | стоимость 21743304.65 | K=45%
[iter  5542] ✓ улучшение 0.00 руб. | стоимость 21743304.65 | K=44%
[iter  5543] ✓ улучшение 0.00 руб. | стоимость 21743304.65 | K=43%
[iter  5695] ✓ улучшение 5466.00 руб. | стоимость 21737838.65 | K=48%
[iter  5699] ✓ улучшение 1822.00 руб. | стоимость 21736016.65 | K=47%
[iter  5700] ✓ улучшение 0.00 руб. | стоимость 21736016.65 | K=46%
[iter  5701] ✓ улучшение 0.00 руб. | стоимость 21736016.65 | K=45%
[iter  5743] ✓ улучшение 0.00 руб. | стоимость 21736016.65 | K=44%
[iter  6103] ✓ улучшение 0.00 руб. | стоимость 21736016.65 | K=49%
--- ALNS ФИНИШ ---
Итераций:            7833
Улучшений:           161
Лучшая стоимость:    21736016.65 руб.
Затрачено:           300.1 сек.
Финальный K:         50%
------------------
Записей для отправки в АПИ:  278
Чекпоинт сохранён:           tmp/checkpoint_2026-04-01_18-47-37.xlsx
Назначения отправлены в АПИ: OK

======= РЕЗУЛЬТАТЫ ОПТИМИЗАЦИИ =======
Статус решателя:      ALNS (7833 итер., 161 улучш., 300.1 сек.)
Назначено вагонов:    886
Неудовл. спрос:       2281 ваг. (dummy-предложение)
Суммарная стоимость:  21736017 руб.
======================================

Результат сохранён:          tmp/result_20260401_184739.json
[SUCCESS] railoptim завершил работу успешно.
