[Пн 30 мар 2026 11:34:39 MSK] Запуск: /home/atretyakov/railoptim/target/release/railoptim (env=prod)
Получено узлов спроса:       428
Получено узлов предложения:  189
Чекпоинт сохранён:           tmp/checkpoint_2026-03-30_11-35-16.xlsx
Получено тарифов:            14932
Всего пар supply×demand:     80892
  без тарифа:                296 (0.4%)
  нарушение срока:           37305 (46.1%)
  несовм. тип вагона:        2108 (2.6%)
Допустимых дуг в LP:         42088 (52.0%)
--- АНАЛИЗ РЕСУРСОВ ---
Предложение: 1467 ваг.
Спрос:       5752 ваг.
Статус: ДЕФИЦИТ  (4285 ваг. — штрафные дуги)
-----------------------
--- ЖАДНОЕ РЕШЕНИЕ ---
Назначений:            262 шт.
Назначено вагонов:     1467 / 5752 спрос, 1467 предложение
Суммарная стоимость:   34672449.23 руб.
Неудовлетворён спрос:  4285 ваг.
Избыток предложения:   0 ваг.
Покрытие спроса:       25.5%
----------------------
--- ALNS СТАРТ ---
Начальная стоимость: 34672449.23 руб.
Назначений:          262
Бюджет времени:      600 сек.
------------------
[iter     1] ✓ улучшение 88394.85 руб. | стоимость 34584054.38 | K=19%
[iter     2] ✓ улучшение 52942.00 руб. | стоимость 34531112.38 | K=18%
[iter     3] ✓ улучшение 47424.00 руб. | стоимость 34483688.38 | K=17%
[iter     4] ✓ улучшение 3332.55 руб. | стоимость 34480355.83 | K=16%
[iter     6] ✓ улучшение 5688.00 руб. | стоимость 34474667.83 | K=15%
[iter    12] ✓ улучшение 0.00 руб. | стоимость 34474667.83 | K=14%
[iter   113] ✓ улучшение 3679.70 руб. | стоимость 34470988.13 | K=17%
[iter   114] ✓ улучшение 2221.70 руб. | стоимость 34468766.43 | K=16%
[iter   149] ✓ улучшение 470.00 руб. | стоимость 34468296.43 | K=15%
[iter   150] ✓ улучшение 0.00 руб. | стоимость 34468296.43 | K=14%
[iter   154] ✓ улучшение 822.00 руб. | стоимость 34467474.43 | K=13%
[iter   155] ✓ улучшение 0.00 руб. | стоимость 34467474.43 | K=12%
[iter   356] ✓ улучшение 32665.00 руб. | стоимость 34434809.43 | K=19%
[iter   394] ✓ улучшение 0.00 руб. | стоимость 34434809.43 | K=18%
[iter   471] ✓ улучшение 0.00 руб. | стоимость 34434809.43 | K=19%
[iter   723] ✓ улучшение 7393.00 руб. | стоимость 34427416.43 | K=28%
[iter   724] ✓ улучшение 7066.00 руб. | стоимость 34420350.43 | K=27%
[iter   726] ✓ улучшение 9107.00 руб. | стоимость 34411243.43 | K=26%
[iter   727] ✓ улучшение 0.00 руб. | стоимость 34411243.43 | K=25%
[iter   757] ✓ улучшение 0.00 руб. | стоимость 34411243.43 | K=24%
[iter   802] ✓ улучшение 0.00 руб. | стоимость 34411243.43 | K=23%
[iter   953] ✓ улучшение 12599.00 руб. | стоимость 34398644.43 | K=28%
[iter   954] ✓ улучшение 4147.00 руб. | стоимость 34394497.43 | K=27%
[iter   968] ✓ улучшение 0.00 руб. | стоимость 34394497.43 | K=26%
[iter   972] ✓ улучшение 0.00 руб. | стоимость 34394497.43 | K=25%
[iter  1123] ✓ улучшение 7343.57 руб. | стоимость 34387153.86 | K=30%
[iter  1124] ✓ улучшение 26474.11 руб. | стоимость 34360679.75 | K=29%
[iter  1129] ✓ улучшение 0.00 руб. | стоимость 34360679.75 | K=28%
[iter  1180] ✓ улучшение 8454.42 руб. | стоимость 34352225.33 | K=29%
[iter  1181] ✓ улучшение 0.00 руб. | стоимость 34352225.33 | K=28%
[iter  1211] ✓ улучшение 0.00 руб. | стоимость 34352225.33 | K=27%
[iter  1218] ✓ улучшение 0.00 руб. | стоимость 34352225.33 | K=26%
[iter  1419] ✓ улучшение 3860.00 руб. | стоимость 34348365.33 | K=33%
[iter  1421] ✓ улучшение 0.00 руб. | стоимость 34348365.33 | K=32%
[iter  1505] ✓ улучшение 0.00 руб. | стоимость 34348365.33 | K=33%
[iter  1556] ✓ улучшение 1301.00 руб. | стоимость 34347064.33 | K=34%
[iter  1557] ✓ улучшение 0.00 руб. | стоимость 34347064.33 | K=33%
[iter  1558] ✓ улучшение 3903.00 руб. | стоимость 34343161.33 | K=32%
[iter  1559] ✓ улучшение 18214.00 руб. | стоимость 34324947.33 | K=31%
[iter  1561] ✓ улучшение 0.00 руб. | стоимость 34324947.33 | K=30%
[iter  1712] ✓ улучшение 58548.61 руб. | стоимость 34266398.72 | K=35%
[iter  1713] ✓ улучшение 3570.00 руб. | стоимость 34262828.72 | K=34%
[iter  1714] ✓ улучшение 0.00 руб. | стоимость 34262828.72 | K=33%
[iter  1717] ✓ улучшение 861.00 руб. | стоимость 34261967.72 | K=32%
[iter  1719] ✓ улучшение 0.00 руб. | стоимость 34261967.72 | K=31%
[iter  1871] ✓ улучшение 132013.00 руб. | стоимость 34129954.72 | K=36%
[iter  1874] ✓ улучшение 0.00 руб. | стоимость 34129954.72 | K=35%
[iter  1976] ✓ улучшение 200.17 руб. | стоимость 34129754.55 | K=38%
[iter  1977] ✓ улучшение 0.00 руб. | стоимость 34129754.55 | K=37%
[iter  2028] ✓ улучшение 1715.77 руб. | стоимость 34128038.78 | K=38%
[iter  2082] ✓ улучшение 44.94 руб. | стоимость 34127993.84 | K=39%
[iter  2084] ✓ улучшение 245.11 руб. | стоимость 34127748.73 | K=38%
[iter  2085] ✓ улучшение 200.17 руб. | стоимость 34127548.56 | K=37%
[iter  2086] ✓ улучшение 245.11 руб. | стоимость 34127303.45 | K=36%
[iter  2089] ✓ улучшение 535.16 руб. | стоимость 34126768.29 | K=35%
[iter  2291] ✓ улучшение 4748.00 руб. | стоимость 34122020.29 | K=42%
[iter  2292] ✓ улучшение 672.44 руб. | стоимость 34121347.85 | K=41%
[iter  2305] ✓ улучшение 0.00 руб. | стоимость 34121347.85 | K=40%
[iter  2319] ✓ улучшение 0.00 руб. | стоимость 34121347.85 | K=39%
[iter  2420] ✓ улучшение 3179.00 руб. | стоимость 34118168.85 | K=42%
[iter  2472] ✓ улучшение 1839.58 руб. | стоимость 34116329.27 | K=43%
[iter  2523] ✓ улучшение 9130.02 руб. | стоимость 34107199.25 | K=44%
[iter  2524] ✓ улучшение 1167.14 руб. | стоимость 34106032.11 | K=43%
[iter  2525] ✓ улучшение 301.33 руб. | стоимость 34105730.78 | K=42%
[iter  2526] ✓ улучшение 282.24 руб. | стоимость 34105448.54 | K=41%
[iter  2627] ✓ улучшение 8432.00 руб. | стоимость 34097016.54 | K=44%
[iter  2633] ✓ улучшение 0.00 руб. | стоимость 34097016.54 | K=43%
[iter  2643] ✓ улучшение 0.00 руб. | стоимость 34097016.54 | K=42%
[iter  2750] ✓ улучшение 11528.00 руб. | стоимость 34085488.54 | K=45%
[iter  2751] ✓ улучшение 0.00 руб. | стоимость 34085488.54 | K=44%
[iter  2814] ✓ улучшение 0.00 руб. | стоимость 34085488.54 | K=45%
[iter  2865] ✓ улучшение 61.59 руб. | стоимость 34085426.95 | K=46%
[iter  2867] ✓ улучшение 674.15 руб. | стоимость 34084752.80 | K=45%
[iter  2868] ✓ улучшение 1348.30 руб. | стоимость 34083404.50 | K=44%
[iter  2875] ✓ улучшение 0.00 руб. | стоимость 34083404.50 | K=43%
[iter  2895] ✓ улучшение 0.00 руб. | стоимость 34083404.50 | K=42%
[iter  2996] ✓ улучшение 674.15 руб. | стоимость 34082730.35 | K=45%
[iter  2998] ✓ улучшение 0.00 руб. | стоимость 34082730.35 | K=44%
[iter  3099] ✓ улучшение 5076.00 руб. | стоимость 34077654.35 | K=47%
[iter  3151] ✓ улучшение 98877.00 руб. | стоимость 33978777.35 | K=48%
[iter  3152] ✓ улучшение 6455.00 руб. | стоимость 33972322.35 | K=47%
[iter  3153] ✓ улучшение 1645.00 руб. | стоимость 33970677.35 | K=46%
[iter  3154] ✓ улучшение 30725.00 руб. | стоимость 33939952.35 | K=45%
[iter  3155] ✓ улучшение 1240.00 руб. | стоимость 33938712.35 | K=44%
[iter  3156] ✓ улучшение 1278.00 руб. | стоимость 33937434.35 | K=43%
[iter  3159] ✓ улучшение 310.00 руб. | стоимость 33937124.35 | K=42%
[iter  3166] ✓ улучшение 0.00 руб. | стоимость 33937124.35 | K=41%
[iter  3200] ✓ улучшение 0.00 руб. | стоимость 33937124.35 | K=40%
[iter  3305] ✓ улучшение 2246.00 руб. | стоимость 33934878.35 | K=43%
[iter  3306] ✓ улучшение 0.00 руб. | стоимость 33934878.35 | K=42%
[iter  3308] ✓ улучшение 987.00 руб. | стоимость 33933891.35 | K=41%
[iter  3309] ✓ улучшение 329.00 руб. | стоимость 33933562.35 | K=40%
[iter  3310] ✓ улучшение 0.00 руб. | стоимость 33933562.35 | K=39%
[iter  3311] ✓ улучшение 0.00 руб. | стоимость 33933562.35 | K=38%
[iter  3394] ✓ улучшение 0.00 руб. | стоимость 33933562.35 | K=39%
[iter  3595] ✓ улучшение 18988.00 руб. | стоимость 33914574.35 | K=46%
[iter  3597] ✓ улучшение 1316.00 руб. | стоимость 33913258.35 | K=45%
[iter  3653] ✓ улучшение 10152.00 руб. | стоимость 33903106.35 | K=46%
[iter  3700] ✓ улучшение 0.00 руб. | стоимость 33903106.35 | K=45%
[iter  3776] ✓ улучшение 0.00 руб. | стоимость 33903106.35 | K=46%
--- ALNS ФИНИШ ---
Итераций:            7347
Улучшений:           100
Лучшая стоимость:    33903106.35 руб.
Затрачено:           600.1 сек.
Финальный K:         50%
------------------

======= РЕЗУЛЬТАТЫ ОПТИМИЗАЦИИ =======
Статус решателя:      ALNS (7347 итер., 100 улучш., 600.1 сек.)
Назначено вагонов:    1467
Неудовл. спрос:       4285 ваг. (dummy-предложение)
Суммарная стоимость:  33903106 руб.
======================================

Результат сохранён:          tmp/result_20260330_114621.json
[SUCCESS] railoptim завершил работу успешно.
[Пн 30 мар 2026 11:54:57 MSK] Запуск: /home/atretyakov/railoptim/target/release/railoptim (env=prod)
Получено узлов спроса:       525
Получено узлов предложения:  277
Чекпоинт сохранён:           tmp/checkpoint_2026-03-30_11-55-16.xlsx
Получено тарифов:            19717
Всего пар supply×demand:     145425
  без тарифа:                6767 (4.7%)
  нарушение срока:           66155 (45.5%)
  несовм. тип вагона:        3195 (2.2%)
Допустимых дуг в LP:         70780 (48.7%)
--- АНАЛИЗ РЕСУРСОВ ---
Предложение: 1186 ваг.
Спрос:       7233 ваг.
Статус: ДЕФИЦИТ  (6047 ваг. — штрафные дуги)
-----------------------
--- ЖАДНОЕ РЕШЕНИЕ ---
Назначений:            335 шт.
Назначено вагонов:     1183 / 7233 спрос, 1186 предложение
Суммарная стоимость:   21480915.00 руб.
Неудовлетворён спрос:  6050 ваг.
Избыток предложения:   3 ваг.
Покрытие спроса:       16.4%
----------------------
--- ALNS СТАРТ ---
Начальная стоимость: 21480915.00 руб.
Назначений:          335
Бюджет времени:      180 сек.
------------------
[iter     1] ✓ улучшение 16027.70 руб. | стоимость 21464887.30 | K=19%
[iter     2] ✓ улучшение 94791.72 руб. | стоимость 21370095.58 | K=18%
[iter     3] ✓ улучшение 6095.48 руб. | стоимость 21364000.10 | K=17%
[iter     7] ✓ улучшение 0.00 руб. | стоимость 21364000.10 | K=16%
[iter     9] ✓ улучшение 2304.96 руб. | стоимость 21361695.14 | K=15%
[iter    11] ✓ улучшение 0.00 руб. | стоимость 21361695.14 | K=14%
[iter    24] ✓ улучшение 0.00 руб. | стоимость 21361695.14 | K=13%
[iter    75] ✓ улучшение 2304.96 руб. | стоимость 21359390.18 | K=14%
[iter    87] ✓ улучшение 0.00 руб. | стоимость 21359390.18 | K=13%
[iter   102] ✓ улучшение 0.00 руб. | стоимость 21359390.18 | K=12%
[iter   248] ✓ улучшение 738.29 руб. | стоимость 21358651.89 | K=15%
[iter   249] ✓ улучшение 0.00 руб. | стоимость 21358651.89 | K=14%
[iter   302] ✓ улучшение 0.00 руб. | стоимость 21358651.89 | K=15%
[iter   446] ✓ улучшение 1418.02 руб. | стоимость 21357233.87 | K=18%
[iter   448] ✓ улучшение 0.00 руб. | стоимость 21357233.87 | K=17%
[iter   451] ✓ улучшение 0.00 руб. | стоимость 21357233.87 | K=16%
[iter   552] ✓ улучшение 15.96 руб. | стоимость 21357217.91 | K=19%
[iter   554] ✓ улучшение 2304.96 руб. | стоимость 21354912.95 | K=18%
[iter   555] ✓ улучшение 15.96 руб. | стоимость 21354896.99 | K=17%
[iter   559] ✓ улучшение 47.88 руб. | стоимость 21354849.11 | K=16%
[iter   560] ✓ улучшение 0.00 руб. | стоимость 21354849.11 | K=15%
[iter   565] ✓ улучшение 0.00 руб. | стоимость 21354849.11 | K=14%
[iter   769] ✓ улучшение 1543.16 руб. | стоимость 21353305.95 | K=21%
[iter   771] ✓ улучшение 0.00 руб. | стоимость 21353305.95 | K=20%
[iter   772] ✓ улучшение 4312.62 руб. | стоимость 21348993.33 | K=19%
[iter   778] ✓ улучшение 0.00 руб. | стоимость 21348993.33 | K=18%
[iter   932] ✓ улучшение 9297.27 руб. | стоимость 21339696.06 | K=23%
[iter   933] ✓ улучшение 0.00 руб. | стоимость 21339696.06 | K=22%
[iter   965] ✓ улучшение 0.00 руб. | стоимость 21339696.06 | K=21%
[iter  1070] ✓ улучшение 6198.18 руб. | стоимость 21333497.88 | K=24%
[iter  1071] ✓ улучшение 0.00 руб. | стоимость 21333497.88 | K=23%
[iter  1072] ✓ улучшение 0.00 руб. | стоимость 21333497.88 | K=22%
[iter  1223] ✓ улучшение 1722.43 руб. | стоимость 21331775.45 | K=27%
[iter  1224] ✓ улучшение 1722.43 руб. | стоимость 21330053.02 | K=26%
[iter  1267] ✓ улучшение 0.00 руб. | стоимость 21330053.02 | K=25%
[iter  1368] ✓ улучшение 595.50 руб. | стоимость 21329457.52 | K=28%
[iter  1370] ✓ улучшение 47324.35 руб. | стоимость 21282133.17 | K=27%
[iter  1371] ✓ улучшение 0.00 руб. | стоимость 21282133.17 | K=26%
[iter  1372] ✓ улучшение 0.00 руб. | стоимость 21282133.17 | K=25%
[iter  1374] ✓ улучшение 2105.95 руб. | стоимость 21280027.22 | K=24%
[iter  1397] ✓ улучшение 0.00 руб. | стоимость 21280027.22 | K=23%
[iter  1502] ✓ улучшение 2105.95 руб. | стоимость 21277921.27 | K=26%
[iter  1510] ✓ улучшение 0.00 руб. | стоимость 21277921.27 | K=25%
[iter  1584] ✓ улучшение 0.00 руб. | стоимость 21277921.27 | K=26%
[iter  1692] ✓ улучшение 1004.00 руб. | стоимость 21276917.27 | K=29%
[iter  1695] ✓ улучшение 0.00 руб. | стоимость 21276917.27 | K=28%
[iter  1703] ✓ улучшение 0.00 руб. | стоимость 21276917.27 | K=27%
[iter  1854] ✓ улучшение 69844.40 руб. | стоимость 21207072.87 | K=32%
[iter  1855] ✓ улучшение 6984.44 руб. | стоимость 21200088.43 | K=31%
[iter  1856] ✓ улучшение 0.00 руб. | стоимость 21200088.43 | K=30%
[iter  1860] ✓ улучшение 0.00 руб. | стоимость 21200088.43 | K=29%
[iter  1950] ✓ улучшение 0.00 руб. | стоимость 21200088.43 | K=30%
[iter  2005] ✓ улучшение 13968.88 руб. | стоимость 21186119.55 | K=31%
[iter  2020] ✓ улучшение 0.00 руб. | стоимость 21186119.55 | K=30%
[iter  2027] ✓ улучшение 0.00 руб. | стоимость 21186119.55 | K=29%
[iter  2228] ✓ улучшение 103.68 руб. | стоимость 21186015.87 | K=36%
[iter  2229] ✓ улучшение 10059.00 руб. | стоимость 21175956.87 | K=35%
[iter  2230] ✓ улучшение 27.00 руб. | стоимость 21175929.87 | K=34%
[iter  2233] ✓ улучшение 4726.00 руб. | стоимость 21171203.87 | K=33%
[iter  2234] ✓ улучшение 1882.07 руб. | стоимость 21169321.80 | K=32%
[iter  2238] ✓ улучшение 700.50 руб. | стоимость 21168621.30 | K=31%
[iter  2239] ✓ улучшение 0.00 руб. | стоимость 21168621.30 | K=30%
[iter  2246] ✓ улучшение 0.00 руб. | стоимость 21168621.30 | K=29%
[iter  2312] ✓ улучшение 0.00 руб. | стоимость 21168621.30 | K=30%
[iter  2414] ✓ улучшение 755.41 руб. | стоимость 21167865.89 | K=33%
[iter  2415] ✓ улучшение 0.00 руб. | стоимость 21167865.89 | K=32%
[iter  2417] ✓ улучшение 1257.34 руб. | стоимость 21166608.55 | K=31%
[iter  2418] ✓ улучшение 755.41 руб. | стоимость 21165853.14 | K=30%
[iter  2419] ✓ улучшение 0.00 руб. | стоимость 21165853.14 | K=29%
[iter  2474] ✓ улучшение 0.00 руб. | стоимость 21165853.14 | K=30%
[iter  2675] ✓ улучшение 7056.49 руб. | стоимость 21158796.65 | K=37%
[iter  2677] ✓ улучшение 5773.00 руб. | стоимость 21153023.65 | K=36%
[iter  2678] ✓ улучшение 0.00 руб. | стоимость 21153023.65 | K=35%
[iter  2729] ✓ улучшение 4751.53 руб. | стоимость 21148272.12 | K=36%
[iter  2732] ✓ улучшение 2304.96 руб. | стоимость 21145967.16 | K=35%
[iter  2733] ✓ улучшение 0.00 руб. | стоимость 21145967.16 | K=34%
--- ALNS ФИНИШ ---
Итераций:            2752
Улучшений:           76
Лучшая стоимость:    21145967.16 руб.
Затрачено:           180.1 сек.
Финальный K:         34%
------------------

======= РЕЗУЛЬТАТЫ ОПТИМИЗАЦИИ =======
Статус решателя:      ALNS (2752 итер., 76 улучш., 180.1 сек.)
Назначено вагонов:    1183
Избыток предложения:  3 ваг. (dummy-спрос)
Неудовл. спрос:       6050 ваг. (dummy-предложение)
Суммарная стоимость:  21145967 руб.
======================================

Результат сохранён:          tmp/result_20260330_115850.json
[SUCCESS] railoptim завершил работу успешно.
[Пн 30 мар 2026 18:31:30 MSK] Запуск: /home/atretyakov/railoptim/target/release/railoptim (env=prod)
Получено узлов спроса:       525
Получено узлов предложения:  277
Чекпоинт сохранён:           tmp/checkpoint_2026-03-30_18-32-27.xlsx
Получено тарифов:            19717
Всего пар supply×demand:     145425
  без тарифа:                6767 (4.7%)
  нарушение срока:           66155 (45.5%)
  несовм. тип вагона:        3195 (2.2%)
Допустимых дуг в LP:         70780 (48.7%)
--- АНАЛИЗ РЕСУРСОВ ---
Предложение: 1186 ваг.
Спрос:       7233 ваг.
Статус: ДЕФИЦИТ  (6047 ваг. — штрафные дуги)
-----------------------
--- ЖАДНОЕ РЕШЕНИЕ ---
Назначений:            333 шт.
Назначено вагонов:     1183 / 7233 спрос, 1186 предложение
Суммарная стоимость:   21475142.00 руб.
Неудовлетворён спрос:  6050 ваг.
Избыток предложения:   3 ваг.
Покрытие спроса:       16.4%
----------------------
--- ALNS СТАРТ ---
Начальная стоимость: 21475142.00 руб.
Назначений:          333
Бюджет времени:      300 сек.
------------------
[iter     1] ✓ улучшение 28210.41 руб. | стоимость 21446931.59 | K=19%
[iter     2] ✓ улучшение 115911.07 руб. | стоимость 21331020.52 | K=18%
[iter     3] ✓ улучшение 31.92 руб. | стоимость 21330988.60 | K=17%
[iter     4] ✓ улучшение 4211.90 руб. | стоимость 21326776.70 | K=16%
[iter   132] ✓ улучшение 0.00 руб. | стоимость 21326776.70 | K=19%
[iter   137] ✓ улучшение 0.00 руб. | стоимость 21326776.70 | K=18%
[iter   245] ✓ улучшение 102856.32 руб. | стоимость 21223920.38 | K=21%
[iter   246] ✓ улучшение 0.00 руб. | стоимость 21223920.38 | K=20%
[iter   247] ✓ улучшение 12841.48 руб. | стоимость 21211078.90 | K=19%
[iter   249] ✓ улучшение 1418.02 руб. | стоимость 21209660.88 | K=18%
[iter   250] ✓ улучшение 24027.30 руб. | стоимость 21185633.58 | K=17%
[iter   252] ✓ улучшение 0.00 руб. | стоимость 21185633.58 | K=16%
[iter   255] ✓ улучшение 0.00 руб. | стоимость 21185633.58 | K=15%
[iter   257] ✓ улучшение 0.00 руб. | стоимость 21185633.58 | K=14%
[iter   258] ✓ улучшение 0.00 руб. | стоимость 21185633.58 | K=13%
[iter   365] ✓ улучшение 738.29 руб. | стоимость 21184895.29 | K=16%
[iter   374] ✓ улучшение 0.00 руб. | стоимость 21184895.29 | K=15%
[iter   488] ✓ улучшение 0.00 руб. | стоимость 21184895.29 | K=18%
[iter   494] ✓ улучшение 0.00 руб. | стоимость 21184895.29 | K=17%
[iter   552] ✓ улучшение 1418.02 руб. | стоимость 21183477.27 | K=18%
[iter   554] ✓ улучшение 0.00 руб. | стоимость 21183477.27 | K=17%
[iter   705] ✓ улучшение 109802.94 руб. | стоимость 21073674.33 | K=22%
[iter   706] ✓ улучшение 2156.31 руб. | стоимость 21071518.02 | K=21%
[iter   707] ✓ улучшение 0.00 руб. | стоимость 21071518.02 | K=20%
[iter   797] ✓ улучшение 0.00 руб. | стоимость 21071518.02 | K=21%
[iter   858] ✓ улучшение 0.00 руб. | стоимость 21071518.02 | K=22%
[iter  1010] ✓ улучшение 40411.00 руб. | стоимость 21031107.02 | K=27%
[iter  1011] ✓ улучшение 1722.43 руб. | стоимость 21029384.59 | K=26%
[iter  1012] ✓ улучшение 0.00 руб. | стоимость 21029384.59 | K=25%
[iter  1016] ✓ улучшение 1722.43 руб. | стоимость 21027662.16 | K=24%
[iter  1017] ✓ улучшение 0.00 руб. | стоимость 21027662.16 | K=23%
[iter  1029] ✓ улучшение 0.00 руб. | стоимость 21027662.16 | K=22%
[iter  1160] ✓ улучшение 0.00 руб. | стоимость 21027662.16 | K=25%
[iter  1229] ✓ улучшение 0.00 руб. | стоимость 21027662.16 | K=26%
[iter  1381] ✓ улучшение 4608.90 руб. | стоимость 21023053.26 | K=31%
[iter  1382] ✓ улучшение 502.00 руб. | стоимость 21022551.26 | K=30%
[iter  1389] ✓ улучшение 502.00 руб. | стоимость 21022049.26 | K=29%
[iter  1427] ✓ улучшение 0.00 руб. | стоимость 21022049.26 | K=28%
[iter  1528] ✓ улучшение 41906.64 руб. | стоимость 20980142.62 | K=31%
[iter  1532] ✓ улучшение 0.00 руб. | стоимость 20980142.62 | K=30%
[iter  1544] ✓ улучшение 0.00 руб. | стоимость 20980142.62 | K=29%
[iter  1745] ✓ улучшение 4819.20 руб. | стоимость 20975323.42 | K=36%
[iter  1746] ✓ улучшение 12351.65 руб. | стоимость 20962971.77 | K=35%
[iter  1747] ✓ улучшение 198.50 руб. | стоимость 20962773.27 | K=34%
[iter  1748] ✓ улучшение 2713.25 руб. | стоимость 20960060.02 | K=33%
[iter  1749] ✓ улучшение 2514.75 руб. | стоимость 20957545.27 | K=32%
[iter  1751] ✓ улучшение 103.68 руб. | стоимость 20957441.59 | K=31%
[iter  1752] ✓ улучшение 27.00 руб. | стоимость 20957414.59 | K=30%
[iter  1754] ✓ улучшение 0.00 руб. | стоимость 20957414.59 | K=29%
[iter  1755] ✓ улучшение 1882.07 руб. | стоимость 20955532.52 | K=28%
[iter  1756] ✓ улучшение 0.00 руб. | стоимость 20955532.52 | K=27%
[iter  1770] ✓ улучшение 0.00 руб. | стоимость 20955532.52 | K=26%
[iter  1776] ✓ улучшение 0.00 руб. | стоимость 20955532.52 | K=25%
[iter  1983] ✓ улучшение 2012.75 руб. | стоимость 20953519.77 | K=32%
[iter  1986] ✓ улучшение 0.00 руб. | стоимость 20953519.77 | K=31%
[iter  2039] ✓ улучшение 755.41 руб. | стоимость 20952764.36 | K=32%
[iter  2040] ✓ улучшение 0.00 руб. | стоимость 20952764.36 | K=31%
[iter  2046] ✓ улучшение 0.00 руб. | стоимость 20952764.36 | K=30%
[iter  2050] ✓ улучшение 0.00 руб. | стоимость 20952764.36 | K=29%
[iter  2301] ✓ улучшение 8536.25 руб. | стоимость 20944228.11 | K=38%
[iter  2302] ✓ улучшение 3672.39 руб. | стоимость 20940555.72 | K=37%
[iter  2303] ✓ улучшение 2304.96 руб. | стоимость 20938250.76 | K=36%
[iter  2346] ✓ улучшение 0.00 руб. | стоимость 20938250.76 | K=35%
[iter  2497] ✓ улучшение 5594.00 руб. | стоимость 20932656.76 | K=40%
[iter  2498] ✓ улучшение 133955.32 руб. | стоимость 20798701.44 | K=39%
[iter  2499] ✓ улучшение 22376.00 руб. | стоимость 20776325.44 | K=38%
[iter  2501] ✓ улучшение 25632.00 руб. | стоимость 20750693.44 | K=37%
[iter  2505] ✓ улучшение 0.00 руб. | стоимость 20750693.44 | K=36%
[iter  2616] ✓ улучшение 3080.16 руб. | стоимость 20747613.28 | K=39%
[iter  2666] ✓ улучшение 0.00 руб. | стоимость 20747613.28 | K=38%
[iter  2767] ✓ улучшение 4334.00 руб. | стоимость 20743279.28 | K=41%
[iter  2768] ✓ улучшение 4334.00 руб. | стоимость 20738945.28 | K=40%
[iter  2769] ✓ улучшение 0.00 руб. | стоимость 20738945.28 | K=39%
[iter  2770] ✓ улучшение 0.00 руб. | стоимость 20738945.28 | K=38%
[iter  2821] ✓ улучшение 0.00 руб. | стоимость 20738945.28 | K=39%
[iter  2923] ✓ улучшение 4389.83 руб. | стоимость 20734555.45 | K=42%
[iter  2924] ✓ улучшение 6143.17 руб. | стоимость 20728412.28 | K=41%
[iter  2925] ✓ улучшение 4238.58 руб. | стоимость 20724173.70 | K=40%
[iter  2939] ✓ улучшение 2304.96 руб. | стоимость 20721868.74 | K=39%
[iter  2943] ✓ улучшение 0.00 руб. | стоимость 20721868.74 | K=38%
[iter  2948] ✓ улучшение 0.00 руб. | стоимость 20721868.74 | K=37%
[iter  3149] ✓ улучшение 12435.24 руб. | стоимость 20709433.50 | K=44%
[iter  3150] ✓ улучшение 0.00 руб. | стоимость 20709433.50 | K=43%
[iter  3160] ✓ улучшение 0.00 руб. | стоимость 20709433.50 | K=42%
[iter  3260] ✓ улучшение 0.00 руб. | стоимость 20709433.50 | K=43%
[iter  3362] ✓ улучшение 2569.00 руб. | стоимость 20706864.50 | K=46%
[iter  3363] ✓ улучшение 7279.62 руб. | стоимость 20699584.88 | K=45%
[iter  3365] ✓ улучшение 5773.00 руб. | стоимость 20693811.88 | K=44%
[iter  3366] ✓ улучшение 0.00 руб. | стоимость 20693811.88 | K=43%
[iter  3368] ✓ улучшение 0.00 руб. | стоимость 20693811.88 | K=42%
--- ALNS ФИНИШ ---
Итераций:            3453
Улучшений:           90
Лучшая стоимость:    20693811.88 руб.
Затрачено:           300.1 сек.
Финальный K:         44%
------------------

======= РЕЗУЛЬТАТЫ ОПТИМИЗАЦИИ =======
Статус решателя:      ALNS (3453 итер., 90 улучш., 300.1 сек.)
Назначено вагонов:    1183
Избыток предложения:  3 ваг. (dummy-спрос)
Неудовл. спрос:       6050 ваг. (dummy-предложение)
Суммарная стоимость:  20693812 руб.
======================================

Результат сохранён:          tmp/result_20260330_183850.json
[SUCCESS] railoptim завершил работу успешно.
