[Чт 02 апр 2026 16:38:11 MSK] Запуск: /home/atretyakov/railoptim/target/release/railoptim (env=prod)
Получено узлов спроса:       294
Получено узлов предложения:  187
  свободных для назначения:  185
  по факту (Assigned):       2
Получено тарифов:            12999
Всего пар supply×demand:     54390
  без тарифа:                2168 (4.0%)
  нарушение срока:           19909 (36.6%)
  несовм. тип вагона:        1149 (2.1%)
Допустимых дуг в LP:         31651 (58.2%)
--- АНАЛИЗ РЕСУРСОВ ---
Предложение: 560 ваг.
Спрос:       3979 ваг.
Статус: ДЕФИЦИТ  (3419 ваг. — штрафные дуги)
-----------------------
--- ЖАДНОЕ РЕШЕНИЕ ---
Назначений:            217 шт.
Назначено вагонов:     560 / 3979 спрос, 560 предложение
Суммарная стоимость:   12242486.16 руб.
Неудовлетворён спрос:  3419 ваг.
Избыток предложения:   0 ваг.
Покрытие спроса:       14.1%
----------------------
--- ALNS СТАРТ ---
Начальная стоимость: 12242486.16 руб.
Назначений:          217
Бюджет времени:      300 сек.
------------------
[iter     1] ✓ улучшение 0.00 руб. | стоимость 12242486.16 | K=19%
[iter     2] ✓ улучшение 910.43 руб. | стоимость 12241575.73 | K=18%
[iter     3] ✓ улучшение 277.24 руб. | стоимость 12241298.49 | K=17%
[iter     4] ✓ улучшение 0.00 руб. | стоимость 12241298.49 | K=16%
[iter    15] ✓ улучшение 0.00 руб. | стоимость 12241298.49 | K=15%
[iter    33] ✓ улучшение 0.00 руб. | стоимость 12241298.49 | K=14%
[iter   236] ✓ улучшение 745.98 руб. | стоимость 12240552.51 | K=21%
[iter   246] ✓ улучшение 164.45 руб. | стоимость 12240388.06 | K=20%
[iter   248] ✓ улучшение 0.00 руб. | стоимость 12240388.06 | K=19%
[iter   250] ✓ улучшение 0.00 руб. | стоимость 12240388.06 | K=18%
[iter   401] ✓ улучшение 1919.65 руб. | стоимость 12238468.41 | K=23%
[iter   402] ✓ улучшение 3452.40 руб. | стоимость 12235016.01 | K=22%
[iter   403] ✓ улучшение 1532.75 руб. | стоимость 12233483.26 | K=21%
[iter   405] ✓ улучшение 0.00 руб. | стоимость 12233483.26 | K=20%
[iter   657] ✓ улучшение 2292.81 руб. | стоимость 12231190.45 | K=29%
[iter   658] ✓ улучшение 2321.52 руб. | стоимость 12228868.93 | K=28%
[iter   663] ✓ улучшение 0.00 руб. | стоимость 12228868.93 | K=27%
[iter   765] ✓ улучшение 2359.86 руб. | стоимость 12226509.07 | K=30%
[iter   766] ✓ улучшение 7012.53 руб. | стоимость 12219496.54 | K=29%
[iter   767] ✓ улучшение 0.00 руб. | стоимость 12219496.54 | K=28%
[iter   768] ✓ улучшение 0.00 руб. | стоимость 12219496.54 | K=27%
[iter   842] ✓ улучшение 0.00 руб. | стоимость 12219496.54 | K=28%
[iter   893] ✓ улучшение 2359.86 руб. | стоимость 12217136.68 | K=29%
[iter   902] ✓ улучшение 0.00 руб. | стоимость 12217136.68 | K=28%
[iter   906] ✓ улучшение 0.00 руб. | стоимость 12217136.68 | K=27%
[iter  1057] ✓ улучшение 11145.26 руб. | стоимость 12205991.42 | K=32%
[iter  1058] ✓ улучшение 0.00 руб. | стоимость 12205991.42 | K=31%
[iter  1060] ✓ улучшение 0.00 руб. | стоимость 12205991.42 | K=30%
[iter  1062] ✓ улучшение 0.00 руб. | стоимость 12205991.42 | K=29%
[iter  1067] ✓ улучшение 2292.81 руб. | стоимость 12203698.61 | K=28%
[iter  1069] ✓ улучшение 0.00 руб. | стоимость 12203698.61 | K=27%
[iter  1098] ✓ улучшение 0.00 руб. | стоимость 12203698.61 | K=26%
[iter  1300] ✓ улучшение 17375.00 руб. | стоимость 12186323.61 | K=33%
[iter  1301] ✓ улучшение 12517.24 руб. | стоимость 12173806.37 | K=32%
[iter  1302] ✓ улучшение 417.00 руб. | стоимость 12173389.37 | K=31%
[iter  1303] ✓ улучшение 417.00 руб. | стоимость 12172972.37 | K=30%
[iter  1304] ✓ улучшение 9454.00 руб. | стоимость 12163518.37 | K=29%
[iter  1310] ✓ улучшение 417.00 руб. | стоимость 12163101.37 | K=28%
[iter  1320] ✓ улучшение 0.00 руб. | стоимость 12163101.37 | K=27%
[iter  1571] ✓ улучшение 3063.26 руб. | стоимость 12160038.11 | K=36%
[iter  1572] ✓ улучшение 14998.88 руб. | стоимость 12145039.23 | K=35%
[iter  1573] ✓ улучшение 3395.41 руб. | стоимость 12141643.82 | K=34%
[iter  1574] ✓ улучшение 1407.24 руб. | стоимость 12140236.58 | K=33%
[iter  1579] ✓ улучшение 265.37 руб. | стоимость 12139971.21 | K=32%
[iter  1580] ✓ улучшение 0.00 руб. | стоимость 12139971.21 | K=31%
[iter  1581] ✓ улучшение 687.25 руб. | стоимость 12139283.96 | K=30%
[iter  1783] ✓ улучшение 7134.82 руб. | стоимость 12132149.14 | K=37%
[iter  1786] ✓ улучшение 0.00 руб. | стоимость 12132149.14 | K=36%
[iter  1800] ✓ улучшение 0.00 руб. | стоимость 12132149.14 | K=35%
[iter  1902] ✓ улучшение 15348.64 руб. | стоимость 12116800.50 | K=38%
[iter  1903] ✓ улучшение 33479.70 руб. | стоимость 12083320.80 | K=37%
[iter  1908] ✓ улучшение 12566.22 руб. | стоимость 12070754.58 | K=36%
[iter  1911] ✓ улучшение 0.00 руб. | стоимость 12070754.58 | K=35%
[iter  1924] ✓ улучшение 0.00 руб. | стоимость 12070754.58 | K=34%
[iter  2118] ✓ улучшение 0.00 руб. | стоимость 12070754.58 | K=39%
[iter  2172] ✓ улучшение 11265.88 руб. | стоимость 12059488.70 | K=40%
[iter  2176] ✓ улучшение 0.00 руб. | стоимость 12059488.70 | K=39%
[iter  2228] ✓ улучшение 1133.00 руб. | стоимость 12058355.70 | K=40%
[iter  2229] ✓ улучшение 0.00 руб. | стоимость 12058355.70 | K=39%
[iter  2231] ✓ улучшение 0.00 руб. | стоимость 12058355.70 | K=38%
[iter  2235] ✓ улучшение 0.00 руб. | стоимость 12058355.70 | K=37%
[iter  2245] ✓ улучшение 0.00 руб. | стоимость 12058355.70 | K=36%
[iter  2328] ✓ улучшение 0.00 руб. | стоимость 12058355.70 | K=37%
[iter  2434] ✓ улучшение 0.00 руб. | стоимость 12058355.70 | K=40%
[iter  2476] ✓ улучшение 0.00 руб. | стоимость 12058355.70 | K=39%
[iter  2627] ✓ улучшение 7227.66 руб. | стоимость 12051128.04 | K=44%
[iter  2628] ✓ улучшение 8281.88 руб. | стоимость 12042846.16 | K=43%
[iter  2630] ✓ улучшение 3466.37 руб. | стоимость 12039379.79 | K=42%
[iter  2632] ✓ улучшение 0.00 руб. | стоимость 12039379.79 | K=41%
[iter  2633] ✓ улучшение 0.00 руб. | стоимость 12039379.79 | K=40%
[iter  2634] ✓ улучшение 1622.59 руб. | стоимость 12037757.20 | K=39%
[iter  2635] ✓ улучшение 0.00 руб. | стоимость 12037757.20 | K=38%
[iter  2662] ✓ улучшение 0.00 руб. | стоимость 12037757.20 | K=37%
[iter  2786] ✓ улучшение 0.00 руб. | стоимость 12037757.20 | K=40%
[iter  2937] ✓ улучшение 1720.73 руб. | стоимость 12036036.47 | K=45%
[iter  2938] ✓ улучшение 25530.00 руб. | стоимость 12010506.47 | K=44%
[iter  2939] ✓ улучшение 12833.00 руб. | стоимость 11997673.47 | K=43%
[iter  2940] ✓ улучшение 2050.00 руб. | стоимость 11995623.47 | K=42%
[iter  2942] ✓ улучшение 25105.00 руб. | стоимость 11970518.47 | K=41%
[iter  2944] ✓ улучшение 0.00 руб. | стоимость 11970518.47 | K=40%
[iter  2945] ✓ улучшение 1115.00 руб. | стоимость 11969403.47 | K=39%
[iter  2947] ✓ улучшение 1856.00 руб. | стоимость 11967547.47 | K=38%
[iter  2948] ✓ улучшение 0.00 руб. | стоимость 11967547.47 | K=37%
[iter  2949] ✓ улучшение 0.00 руб. | стоимость 11967547.47 | K=36%
[iter  3050] ✓ улучшение 2050.00 руб. | стоимость 11965497.47 | K=39%
[iter  3051] ✓ улучшение 0.00 руб. | стоимость 11965497.47 | K=38%
[iter  3076] ✓ улучшение 0.00 руб. | стоимость 11965497.47 | K=37%
[iter  3327] ✓ улучшение 2659.00 руб. | стоимость 11962838.47 | K=46%
[iter  3339] ✓ улучшение 0.00 руб. | стоимость 11962838.47 | K=45%
[iter  3391] ✓ улучшение 17193.00 руб. | стоимость 11945645.47 | K=46%
[iter  3393] ✓ улучшение 417.00 руб. | стоимость 11945228.47 | K=45%
[iter  3394] ✓ улучшение 4915.00 руб. | стоимость 11940313.47 | K=44%
[iter  3395] ✓ улучшение 5411.00 руб. | стоимость 11934902.47 | K=43%
[iter  3397] ✓ улучшение 4850.00 руб. | стоимость 11930052.47 | K=42%
[iter  3410] ✓ улучшение 0.00 руб. | стоимость 11930052.47 | K=41%
[iter  3444] ✓ улучшение 0.00 руб. | стоимость 11930052.47 | K=40%
[iter  3457] ✓ улучшение 0.00 руб. | стоимость 11930052.47 | K=39%
[iter  3645] ✓ улучшение 0.00 руб. | стоимость 11930052.47 | K=44%
[iter  3796] ✓ улучшение 4519.91 руб. | стоимость 11925532.56 | K=49%
[iter  3797] ✓ улучшение 4519.91 руб. | стоимость 11921012.65 | K=48%
[iter  3798] ✓ улучшение 0.00 руб. | стоимость 11921012.65 | K=47%
[iter  3806] ✓ улучшение 0.00 руб. | стоимость 11921012.65 | K=46%
[iter  3816] ✓ улучшение 0.00 руб. | стоимость 11921012.65 | K=45%
--- ALNS ФИНИШ ---
Итераций:            6270
Улучшений:           103
Лучшая стоимость:    11921012.65 руб.
Затрачено:           300.0 сек.
Финальный K:         50%
------------------
Записей для отправки в АПИ:  224 (222 оптим. + 2 по факту)
Чекпоинт сохранён:           tmp/checkpoint_2026-04-02_16-45-17.xlsx
Назначения отправлены в АПИ: OK

======= РЕЗУЛЬТАТЫ ОПТИМИЗАЦИИ =======
Статус решателя:      ALNS (6270 итер., 103 улучш., 300.0 сек.)
Назначено вагонов:    560
Неудовл. спрос:       3419 ваг. (dummy-предложение)
Суммарная стоимость:  11921013 руб.
======================================

Результат сохранён:          tmp/result_20260402_164518.json
[SUCCESS] railoptim завершил работу успешно.
[Чт 02 апр 2026 17:53:10 MSK] Запуск: /home/atretyakov/railoptim/target/release/railoptim (env=prod)
Получено узлов спроса:       294
Получено узлов предложения:  191
  свободных для назначения:  163
  по факту (Assigned):       28
Получено тарифов:            13525
Всего пар supply×demand:     47922
  без тарифа:                1387 (2.9%)
  нарушение срока:           18153 (37.9%)
  несовм. тип вагона:        1001 (2.1%)
Допустимых дуг в LP:         27808 (58.0%)
--- АНАЛИЗ РЕСУРСОВ ---
Предложение: 740 ваг.
Спрос:       3979 ваг.
Статус: ДЕФИЦИТ  (3239 ваг. — штрафные дуги)
-----------------------
--- ЖАДНОЕ РЕШЕНИЕ ---
Назначений:            189 шт.
Назначено вагонов:     740 / 3979 спрос, 740 предложение
Суммарная стоимость:   16978585.56 руб.
Неудовлетворён спрос:  3239 ваг.
Избыток предложения:   0 ваг.
Покрытие спроса:       18.6%
----------------------
--- ALNS СТАРТ ---
Начальная стоимость: 16978585.56 руб.
Назначений:          189
Бюджет времени:      300 сек.
------------------
[iter     4] ✓ улучшение 745.98 руб. | стоимость 16977839.58 | K=19%
[iter     5] ✓ улучшение 0.00 руб. | стоимость 16977839.58 | K=18%
[iter     6] ✓ улучшение 164.45 руб. | стоимость 16977675.13 | K=17%
[iter     7] ✓ улучшение 745.98 руб. | стоимость 16976929.15 | K=16%
[iter    17] ✓ улучшение 164.45 руб. | стоимость 16976764.70 | K=15%
[iter    19] ✓ улучшение 0.00 руб. | стоимость 16976764.70 | K=14%
[iter   220] ✓ улучшение 0.00 руб. | стоимость 16976764.70 | K=21%
[iter   371] ✓ улучшение 4086.06 руб. | стоимость 16972678.64 | K=26%
[iter   372] ✓ улучшение 10930.67 руб. | стоимость 16961747.97 | K=25%
[iter   373] ✓ улучшение 0.00 руб. | стоимость 16961747.97 | K=24%
[iter   378] ✓ улучшение 0.00 руб. | стоимость 16961747.97 | K=23%
[iter   380] ✓ улучшение 0.00 руб. | стоимость 16961747.97 | K=22%
[iter   381] ✓ улучшение 745.98 руб. | стоимость 16961001.99 | K=21%
[iter   389] ✓ улучшение 0.00 руб. | стоимость 16961001.99 | K=20%
[iter   590] ✓ улучшение 10080.00 руб. | стоимость 16950921.99 | K=27%
[iter   611] ✓ улучшение 0.00 руб. | стоимость 16950921.99 | K=26%
[iter   663] ✓ улучшение 10080.00 руб. | стоимость 16940841.99 | K=27%
[iter   664] ✓ улучшение 745.98 руб. | стоимость 16940096.01 | K=26%
[iter   666] ✓ улучшение 0.00 руб. | стоимость 16940096.01 | K=25%
[iter   768] ✓ улучшение 30240.00 руб. | стоимость 16909856.01 | K=28%
[iter   773] ✓ улучшение 0.00 руб. | стоимость 16909856.01 | K=27%
[iter   875] ✓ улучшение 8621.81 руб. | стоимость 16901234.20 | K=30%
[iter   877] ✓ улучшение 1713.53 руб. | стоимость 16899520.67 | K=29%
[iter   878] ✓ улучшение 0.00 руб. | стоимость 16899520.67 | K=28%
[iter   935] ✓ улучшение 0.00 руб. | стоимость 16899520.67 | K=29%
[iter  1036] ✓ улучшение 4082.66 руб. | стоимость 16895438.01 | K=32%
[iter  1037] ✓ улучшение 7105.08 руб. | стоимость 16888332.93 | K=31%
[iter  1039] ✓ улучшение 348.30 руб. | стоимость 16887984.63 | K=30%
[iter  1040] ✓ улучшение 2045.68 руб. | стоимость 16885938.95 | K=29%
[iter  1041] ✓ улучшение 2359.86 руб. | стоимость 16883579.09 | K=28%
[iter  1042] ✓ улучшение 0.00 руб. | стоимость 16883579.09 | K=27%
[iter  1065] ✓ улучшение 0.00 руб. | стоимость 16883579.09 | K=26%
[iter  1266] ✓ улучшение 2020.91 руб. | стоимость 16881558.18 | K=33%
[iter  1268] ✓ улучшение 0.00 руб. | стоимость 16881558.18 | K=32%
[iter  1279] ✓ улучшение 0.00 руб. | стоимость 16881558.18 | K=31%
[iter  1430] ✓ улучшение 9145.17 руб. | стоимость 16872413.01 | K=36%
[iter  1432] ✓ улучшение 8234.19 руб. | стоимость 16864178.82 | K=35%
[iter  1433] ✓ улучшение 1970.89 руб. | стоимость 16862207.93 | K=34%
[iter  1434] ✓ улучшение 0.00 руб. | стоимость 16862207.93 | K=33%
[iter  1440] ✓ улучшение 0.00 руб. | стоимость 16862207.93 | K=32%
[iter  1591] ✓ улучшение 1647.00 руб. | стоимость 16860560.93 | K=37%
[iter  1593] ✓ улучшение 4585.62 руб. | стоимость 16855975.31 | K=36%
[iter  1598] ✓ улучшение 0.00 руб. | стоимость 16855975.31 | K=35%
[iter  1629] ✓ улучшение 0.00 руб. | стоимость 16855975.31 | K=34%
[iter  1781] ✓ улучшение 9022.83 руб. | стоимость 16846952.48 | K=39%
[iter  1783] ✓ улучшение 0.00 руб. | стоимость 16846952.48 | K=38%
[iter  1791] ✓ улучшение 0.00 руб. | стоимость 16846952.48 | K=37%
[iter  1945] ✓ улучшение 1274.60 руб. | стоимость 16845677.88 | K=42%
[iter  1947] ✓ улучшение 5860.22 руб. | стоимость 16839817.66 | K=41%
[iter  1950] ✓ улучшение 0.00 руб. | стоимость 16839817.66 | K=40%
[iter  1951] ✓ улучшение 0.00 руб. | стоимость 16839817.66 | K=39%
[iter  2102] ✓ улучшение 9039.82 руб. | стоимость 16830777.84 | K=44%
[iter  2107] ✓ улучшение 0.00 руб. | стоимость 16830777.84 | K=43%
[iter  2109] ✓ улучшение 0.00 руб. | стоимость 16830777.84 | K=42%
[iter  2111] ✓ улучшение 2782.42 руб. | стоимость 16827995.42 | K=41%
[iter  2117] ✓ улучшение 0.00 руб. | стоимость 16827995.42 | K=40%
[iter  2171] ✓ улучшение 2782.42 руб. | стоимость 16825213.00 | K=41%
[iter  2207] ✓ улучшение 0.00 руб. | стоимость 16825213.00 | K=40%
[iter  2358] ✓ улучшение 30697.28 руб. | стоимость 16794515.72 | K=45%
[iter  2392] ✓ улучшение 0.00 руб. | стоимость 16794515.72 | K=44%
[iter  2404] ✓ улучшение 0.00 руб. | стоимость 16794515.72 | K=43%
[iter  2505] ✓ улучшение 2659.00 руб. | стоимость 16791856.72 | K=46%
[iter  2557] ✓ улучшение 11265.88 руб. | стоимость 16780590.84 | K=47%
[iter  2558] ✓ улучшение 25132.44 руб. | стоимость 16755458.40 | K=46%
[iter  2559] ✓ улучшение 0.00 руб. | стоимость 16755458.40 | K=45%
[iter  2585] ✓ улучшение 0.00 руб. | стоимость 16755458.40 | K=44%
[iter  2655] ✓ улучшение 0.00 руб. | стоимость 16755458.40 | K=45%
[iter  2756] ✓ улучшение 15063.00 руб. | стоимость 16740395.40 | K=48%
[iter  2759] ✓ улучшение 1133.00 руб. | стоимость 16739262.40 | K=47%
[iter  2778] ✓ улучшение 0.00 руб. | стоимость 16739262.40 | K=46%
[iter  2779] ✓ улучшение 0.00 руб. | стоимость 16739262.40 | K=45%
[iter  2863] ✓ улучшение 0.00 руб. | стоимость 16739262.40 | K=46%
[iter  2936] ✓ улучшение 0.00 руб. | стоимость 16739262.40 | K=47%
[iter  2989] ✓ улучшение 3162.49 руб. | стоимость 16736099.91 | K=48%
[iter  2991] ✓ улучшение 9932.00 руб. | стоимость 16726167.91 | K=47%
[iter  2992] ✓ улучшение 15818.00 руб. | стоимость 16710349.91 | K=46%
[iter  2999] ✓ улучшение 0.00 руб. | стоимость 16710349.91 | K=45%
[iter  3157] ✓ улучшение 2236.26 руб. | стоимость 16708113.65 | K=49%
[iter  3174] ✓ улучшение 0.00 руб. | стоимость 16708113.65 | K=48%
[iter  3176] ✓ улучшение 0.00 руб. | стоимость 16708113.65 | K=47%
[iter  3191] ✓ улучшение 0.00 руб. | стоимость 16708113.65 | K=46%
[iter  3511] ✓ улучшение 0.00 руб. | стоимость 16708113.65 | K=49%
[iter  6315] ✓ улучшение 0.00 руб. | стоимость 16708113.65 | K=49%
--- ALNS ФИНИШ ---
Итераций:            7440
Улучшений:           83
Лучшая стоимость:    16708113.65 руб.
Затрачено:           300.0 сек.
Финальный K:         50%
------------------
Записей для отправки в АПИ:  235 (204 оптим. + 31 по факту)
Чекпоинт сохранён:           tmp/checkpoint_2026-04-02_17-59-11.xlsx
Назначения отправлены в АПИ: OK

======= РЕЗУЛЬТАТЫ ОПТИМИЗАЦИИ =======
Статус решателя:      ALNS (7440 итер., 83 улучш., 300.0 сек.)
Назначено вагонов:    740
Неудовл. спрос:       3239 ваг. (dummy-предложение)
Суммарная стоимость:  16708114 руб.
======================================

Результат сохранён:          tmp/result_20260402_175912.json
[SUCCESS] railoptim завершил работу успешно.
