[Пт 24 апр 2026 17:46:34 MSK] Запуск: /home/atretyakov/railoptim/target/release/railoptim (env=prod)
Получено узлов спроса (погрузка): 288 или 3995 вагонов
Получено узлов предложения 1 сут.:  207 или 1089 вагонов
  узлов дислокации (2-10 сут., период 10): 321 или 1976 вагонов
Получено узлов предложения всего:  528 или 3065 вагонов
  свободных для назначения:  439 или 2920 вагонов
  требуют ремонта (В ремонт):24 или 37 вагонов
  по факту (Assigned):       65 или 108 вагонов
Дороги без промывки (NoCleaningRoads): 8
Узлов спроса (промывка):     36 или мощность в период 5 суток 2795 вагонов
  предложений с ЕТСНГ из списка промывки: 292 вагонов (освобождены по NoCleaningRoads: 272; из них погрузка того же ЕТСНГ — промывка не обязательна: 0 вагонов)
Получено тарифов:            27468
Загружено ремонтных станций: 102
Тарифов до ремонтных ст.:    1827
Тарифов до промывки (с надбавкой 10000+40000=50000 руб.): 1462
Всего пар supply×demand:     142236
  без тарифа:                        12852 (9.0%)
  нарушение срока (жёстко):          0 (0.0%)
  несовм. тип вагона:                1886 (1.3%)
  грязный вагон → чужой ЕТСНГ:       27449 (19.3%)
  допустимых дуг со штрафом за срок:   58485 (41.1%)
  допустимых дуг всего в LP:      100049 (70.3%)
--- АНАЛИЗ РЕСУРСОВ ---
Предложение: 2920 ваг.
Спрос (погрузка): 3995 ваг.
Ёмкость промывки (верх): 2795 ваг.
Статус: ДЕФИЦИТ  (1075 ваг. — штрафные дуги)
-----------------------
--- ЖАДНОЕ РЕШЕНИЕ ---
Назначений:            587 шт.
Назначено вагонов:     2920 / 3995 спрос (погрузка), 2920 предложение
Суммарная стоимость:   343733298.92 руб.
Неудовлетворён спрос:  1147 ваг.
Избыток предложения:   0 ваг.
Покрытие спроса (погр.): 73.1%
----------------------
  MIP warm-start санирован: обнулено 5 пар(ы) с нарушением MIN_BATCH (9 ваг. потеряно на старте, будут переназначены HiGHS)
--- MIP РЕШЕНИЕ ---
Статус:                MIP Optimal (gap=0.000%)
Назначено вагонов:     2920 / 3995 спрос (погрузка), 2920 предложение
Суммарная стоимость:   323759676.34 руб.
Неудовлетворён спрос:  1086 ваг.
Избыток предложения:   -0 ваг.
Покрытие спроса (погр.): 73.1%
-------------------
MIP диагностика: status=Optimal, gap=0.0000%, undist=1086 (unmet=1086, excess=0), real_cost=323759676.34
MIP vs greedy:   greedy undist=1147 (unmet=1147, excess=0), real_cost=343733298.92  →  Δundist=-61, Δcost=-19973622.58
MIP нашёл глобальный оптимум (gap=0.0000%) — фаза ALNS пропущена.
Записей в отчёте (Excel):    683 (593 оптим. + 66 по факту + 24 в ремонт) / 3065 вагонов
  → в POST АПИ (период 1):   275 записей / 1089 вагонов
  → исключено (предл. 10, дислокация): 408 записей / 1976 вагонов
Чекпоинт сохранён:           tmp/checkpoint_2026-04-24_17-48-40.xlsx
Назначения отправлены в АПИ: OK

======= РЕЗУЛЬТАТЫ ОПТИМИЗАЦИИ =======
Статус решателя:      MIP Optimal (gap=0.000%)
Назначено вагонов:    2920
Неудовл. спрос:       1086 ваг. (dummy-предложение)
Суммарная стоимость:  323759676 руб.
======================================

Результат сохранён:          tmp/result_20260424_174841.json
[SUCCESS] railoptim завершил работу успешно.
